\BOOKMARK [1][-]{section.1}{\376\377\000S\000c\000h\000e\000m\000a}{}% 1
\BOOKMARK [2][-]{subsection.1.1}{\376\377\000D\000e\000f\000i\000n\000i\000t\000i\000o\000n\000s}{section.1}% 2
\BOOKMARK [2][-]{subsection.1.2}{\376\377\000B\000e\000s\000t\000\040\000p\000r\000a\000c\000t\000i\000c\000e\000s}{section.1}% 3
\BOOKMARK [2][-]{subsection.1.3}{\376\377\000C\000o\000m\000m\000o\000n\000\040\000K\000e\000y\000w\000o\000r\000d\000s}{section.1}% 4
\BOOKMARK [3][-]{subsubsection.1.3.1}{\376\377\000v\000a\000l\000u\000e}{subsection.1.3}% 5
\BOOKMARK [3][-]{subsubsection.1.3.2}{\376\377\000r\000e\000f\000e\000r\000e\000n\000c\000e}{subsection.1.3}% 6
\BOOKMARK [3][-]{subsubsection.1.3.3}{\376\377\000u\000n\000i\000t\000s}{subsection.1.3}% 7
\BOOKMARK [3][-]{subsubsection.1.3.4}{\376\377\000t\000y\000p\000e}{subsection.1.3}% 8
\BOOKMARK [3][-]{subsubsection.1.3.5}{\376\377\000f\000l\000a\000g}{subsection.1.3}% 9
\BOOKMARK [3][-]{subsubsection.1.3.6}{\376\377\000c\000o\000m\000p\000u\000t\000e\000d}{subsection.1.3}% 10
\BOOKMARK [3][-]{subsubsection.1.3.7}{\376\377\000u\000u\000i}{subsection.1.3}% 11
\BOOKMARK [3][-]{subsubsection.1.3.8}{\376\377\000d\000e\000f\000a\000u\000l\000t}{subsection.1.3}% 12
\BOOKMARK [3][-]{subsubsection.1.3.9}{\376\377\000c\000o\000m\000m\000e\000n\000t}{subsection.1.3}% 13
\BOOKMARK [2][-]{subsection.1.4}{\376\377\000F\000l\000a\000g\000s}{section.1}% 14
\BOOKMARK [2][-]{subsection.1.5}{\376\377\000R\000e\000q\000u\000i\000r\000e\000d\000\040\000K\000e\000y\000w\000o\000r\000d\000s}{section.1}% 15
\BOOKMARK [3][-]{subsubsection.1.5.1}{\376\377\000O\000b\000j\000e\000c\000t\000s}{subsection.1.5}% 16
\BOOKMARK [3][-]{subsubsection.1.5.2}{\376\377\000P\000r\000o\000p\000e\000r\000t\000i\000e\000s}{subsection.1.5}% 17
\BOOKMARK [3][-]{subsubsection.1.5.3}{\376\377\000M\000e\000a\000s\000u\000r\000e\000m\000e\000n\000t\000s}{subsection.1.5}% 18
\BOOKMARK [1][-]{section.2}{\376\377\000P\000r\000o\000p\000e\000r\000t\000i\000e\000s}{}% 19
\BOOKMARK [2][-]{subsection.2.1}{\376\377\000n\000a\000m\000e}{section.2}% 20
\BOOKMARK [3][-]{subsubsection.2.1.1}{\376\377\000d\000e\000f\000a\000u\000l\000t\000\137\000n\000a\000m\000e}{subsection.2.1}% 21
\BOOKMARK [3][-]{subsubsection.2.1.2}{\376\377\000a\000l\000i\000a\000s}{subsection.2.1}% 22
\BOOKMARK [2][-]{subsection.2.2}{\376\377\000c\000o\000o\000r\000d\000i\000n\000a\000t\000e}{section.2}% 23
\BOOKMARK [2][-]{subsection.2.3}{\376\377\000d\000i\000s\000t\000a\000n\000c\000e}{section.2}% 24
\BOOKMARK [2][-]{subsection.2.4}{\376\377\000d\000a\000t\000e\000\137\000r\000e\000f\000e\000r\000e\000n\000c\000e}{section.2}% 25
\BOOKMARK [2][-]{subsection.2.5}{\376\377\000c\000l\000a\000s\000s\000i\000f\000i\000c\000a\000t\000i\000o\000n}{section.2}% 26
\BOOKMARK [2][-]{subsection.2.6}{\376\377\000p\000h\000o\000t\000o\000m\000e\000t\000r\000y}{section.2}% 27
\BOOKMARK [2][-]{subsection.2.7}{\376\377\000h\000o\000s\000t}{section.2}% 28
\BOOKMARK [1][-]{section.3}{\376\377\000m\000e\000t\000a\000d\000a\000t\000a}{}% 29
\BOOKMARK [2][-]{subsection.3.1}{\376\377\000r\000e\000f\000e\000r\000e\000n\000c\000e\000\137\000d\000e\000t\000a\000i\000l\000s}{section.3}% 30
\BOOKMARK [2][-]{subsection.3.2}{\376\377\000f\000i\000l\000t\000e\000r\000\137\000a\000l\000i\000a\000s}{section.3}% 31
\BOOKMARK [2][-]{subsection.3.3}{\376\377\000s\000c\000h\000e\000m\000a\000\137\000v\000e\000r\000s\000i\000o\000n}{section.3}% 32
\BOOKMARK [1][-]{section.4}{\376\377\000T\000e\000m\000p\000l\000a\000t\000e\000\040\000J\000S\000O\000N\000\040\000F\000i\000l\000e}{}% 33
\BOOKMARK [1][-]{section.5}{\376\377\000P\000o\000s\000s\000i\000b\000l\000y\000\040\000C\000o\000n\000t\000r\000o\000v\000e\000r\000s\000i\000a\000l\000\040\000D\000e\000c\000i\000s\000i\000o\000n\000s\000\040\000/\000\040\000F\000A\000Q}{}% 34
